<?xml version="1.0" encoding="UTF-8"?>
<testng-results ignored="0" total="1" passed="1" failed="0" skipped="0">
  <reporter-output>
  </reporter-output>
  <suite started-at="2022-08-14T17:31:40 EET" name="Default suite" finished-at="2022-08-14T17:32:04 EET" duration-ms="23488">
    <groups>
    </groups>
    <test started-at="2022-08-14T17:31:40 EET" name="Default test" finished-at="2022-08-14T17:32:04 EET" duration-ms="23488">
      <class name="test.IPCL_Ext_AddRequest">
        <test-method is-config="true" signature="Login()[pri:0, instance:test.IPCL_Ext_AddRequest@55634720]" started-at="2022-08-14T17:31:40 EET" name="Login" finished-at="2022-08-14T17:31:44 EET" duration-ms="3286" status="PASS">
          <reporter-output>
          </reporter-output>
        </test-method> <!-- Login -->
        <test-method signature="IPCL_Externallogin_AddRequest()[pri:1, instance:test.IPCL_Ext_AddRequest@55634720]" started-at="2022-08-14T17:31:44 EET" name="IPCL_Externallogin_AddRequest" finished-at="2022-08-14T17:32:04 EET" duration-ms="20166" status="PASS">
          <reporter-output>
          </reporter-output>
        </test-method> <!-- IPCL_Externallogin_AddRequest -->
        <test-method is-config="true" signature="teardown()[pri:0, instance:test.IPCL_Ext_AddRequest@55634720]" started-at="2022-08-14T17:32:04 EET" name="teardown" finished-at="2022-08-14T17:32:04 EET" duration-ms="1" status="PASS">
          <reporter-output>
          </reporter-output>
        </test-method> <!-- teardown -->
      </class> <!-- test.IPCL_Ext_AddRequest -->
    </test> <!-- Default test -->
  </suite> <!-- Default suite -->
</testng-results>
