<?xml version="1.0" encoding="UTF-8"?>
<testng-results ignored="0" total="3" passed="2" failed="1" skipped="0">
  <reporter-output>
  </reporter-output>
  <suite started-at="2022-08-17T14:58:48 EET" name="IPCL_AddRequest_Suite" finished-at="2022-08-17T15:00:44 EET" duration-ms="115786">
    <groups>
    </groups>
    <test started-at="2022-08-17T14:58:48 EET" name="Step1_Add Request by External user" finished-at="2022-08-17T14:59:24 EET" duration-ms="35501">
      <class name="test.IPCL_Ext_AddRequest">
        <test-method is-config="true" signature="Ext_Login()[pri:0, instance:test.IPCL_Ext_AddRequest@55634720]" started-at="2022-08-17T14:58:48 EET" name="Ext_Login" finished-at="2022-08-17T14:58:53 EET" duration-ms="4227" status="PASS">
          <reporter-output>
          </reporter-output>
        </test-method> <!-- Ext_Login -->
        <test-method signature="IPCL_Externallogin_AddRequest()[pri:1, instance:test.IPCL_Ext_AddRequest@55634720]" started-at="2022-08-17T14:58:53 EET" name="IPCL_Externallogin_AddRequest" finished-at="2022-08-17T14:59:24 EET" duration-ms="31231" status="PASS">
          <reporter-output>
          </reporter-output>
        </test-method> <!-- IPCL_Externallogin_AddRequest -->
        <test-method is-config="true" signature="teardown()[pri:0, instance:test.IPCL_Ext_AddRequest@55634720]" started-at="2022-08-17T14:59:24 EET" name="teardown" finished-at="2022-08-17T14:59:24 EET" duration-ms="0" status="PASS">
          <reporter-output>
          </reporter-output>
        </test-method> <!-- teardown -->
      </class> <!-- test.IPCL_Ext_AddRequest -->
    </test> <!-- Step1_Add Request by External user -->
    <test started-at="2022-08-17T14:59:24 EET" name="Step2_Accept Request by Operation Team" finished-at="2022-08-17T15:00:04 EET" duration-ms="40135">
      <class name="test.IPCL_Int_AcceptRequest">
        <test-method is-config="true" signature="Int_Login()[pri:0, instance:test.IPCL_Int_AcceptRequest@71ba6d4e]" started-at="2022-08-17T14:59:24 EET" name="Int_Login" finished-at="2022-08-17T14:59:25 EET" duration-ms="1175" status="PASS">
          <reporter-output>
          </reporter-output>
        </test-method> <!-- Int_Login -->
        <test-method signature="IPCL_IPCL_Int_AcceptRequest()[pri:1, instance:test.IPCL_Int_AcceptRequest@71ba6d4e]" started-at="2022-08-17T14:59:25 EET" name="IPCL_IPCL_Int_AcceptRequest" finished-at="2022-08-17T15:00:04 EET" duration-ms="38549" status="PASS">
          <reporter-output>
          </reporter-output>
        </test-method> <!-- IPCL_IPCL_Int_AcceptRequest -->
        <test-method is-config="true" signature="teardown()[pri:0, instance:test.IPCL_Int_AcceptRequest@71ba6d4e]" started-at="2022-08-17T15:00:04 EET" name="teardown" finished-at="2022-08-17T15:00:04 EET" duration-ms="406" status="PASS">
          <reporter-output>
          </reporter-output>
        </test-method> <!-- teardown -->
      </class> <!-- test.IPCL_Int_AcceptRequest -->
    </test> <!-- Step2_Accept Request by Operation Team -->
    <test started-at="2022-08-17T15:00:04 EET" name="Step3_Appointment reservation by external user" finished-at="2022-08-17T15:00:44 EET" duration-ms="40128">
      <class name="test.IPCL_Ext_MakeAnAppointment">
        <test-method is-config="true" signature="Ext_Login()[pri:0, instance:test.IPCL_Ext_MakeAnAppointment@5ab956d7]" started-at="2022-08-17T15:00:04 EET" name="Ext_Login" finished-at="2022-08-17T15:00:05 EET" duration-ms="1173" status="PASS">
          <reporter-output>
          </reporter-output>
        </test-method> <!-- Ext_Login -->
        <test-method signature="IPCL_Externallogin_MakeAnAppointment()[pri:1, instance:test.IPCL_Ext_MakeAnAppointment@5ab956d7]" started-at="2022-08-17T15:00:05 EET" name="IPCL_Externallogin_MakeAnAppointment" finished-at="2022-08-17T15:00:44 EET" duration-ms="38940" status="FAIL">
          <exception class="org.openqa.selenium.NoSuchElementException">
            <message>
              <![CDATA[no such element: Unable to locate element: {"method":"xpath","selector":"//body/div[@data-focus-capturing='non-modal']/div/div[@data-mx-placeholder='main']/div/div/div/div/div/div/div/div/div/div/div/div/div/div/div/div/button[1]"}
  (Session info: chrome=104.0.5112.82)
For documentation on this error, please visit: https://selenium.dev/exceptions/#no_such_element
Build info: version: '4.2.2', revision: '683ccb65d6'
System info: host: 'HASSANHASHEMLAP', ip: '10.0.100.139', os.name: 'Windows 10', os.arch: 'amd64', os.version: '10.0', java.version: '17.0.2'
Driver info: org.openqa.selenium.chrome.ChromeDriver
Command: [599f9b6b1b57f30e01035223730ea91e, findElement {using=xpath, value=//body/div[@data-focus-capturing='non-modal']/div/div[@data-mx-placeholder='main']/div/div/div/div/div/div/div/div/div/div/div/div/div/div/div/div/button[1]}]
Capabilities {acceptInsecureCerts: false, browserName: chrome, browserVersion: 104.0.5112.82, chrome: {chromedriverVersion: 104.0.5112.79 (3cf3e8c8a07d..., userDataDir: C:\Users\user\AppData\Local...}, goog:chromeOptions: {debuggerAddress: localhost:60614}, networkConnectionEnabled: false, pageLoadStrategy: normal, platformName: WINDOWS, proxy: Proxy(), se:cdp: ws://localhost:60614/devtoo..., se:cdpVersion: 104.0.5112.82, setWindowRect: true, strictFileInteractability: false, timeouts: {implicit: 0, pageLoad: 300000, script: 30000}, unhandledPromptBehavior: dismiss and notify, webauthn:extension:credBlob: true, webauthn:extension:largeBlob: true, webauthn:virtualAuthenticators: true}
Session ID: 599f9b6b1b57f30e01035223730ea91e]]>
            </message>
            <full-stacktrace>
              <![CDATA[org.openqa.selenium.NoSuchElementException: no such element: Unable to locate element: {"method":"xpath","selector":"//body/div[@data-focus-capturing='non-modal']/div/div[@data-mx-placeholder='main']/div/div/div/div/div/div/div/div/div/div/div/div/div/div/div/div/button[1]"}
  (Session info: chrome=104.0.5112.82)
For documentation on this error, please visit: https://selenium.dev/exceptions/#no_such_element
Build info: version: '4.2.2', revision: '683ccb65d6'
System info: host: 'HASSANHASHEMLAP', ip: '10.0.100.139', os.name: 'Windows 10', os.arch: 'amd64', os.version: '10.0', java.version: '17.0.2'
Driver info: org.openqa.selenium.chrome.ChromeDriver
Command: [599f9b6b1b57f30e01035223730ea91e, findElement {using=xpath, value=//body/div[@data-focus-capturing='non-modal']/div/div[@data-mx-placeholder='main']/div/div/div/div/div/div/div/div/div/div/div/div/div/div/div/div/button[1]}]
Capabilities {acceptInsecureCerts: false, browserName: chrome, browserVersion: 104.0.5112.82, chrome: {chromedriverVersion: 104.0.5112.79 (3cf3e8c8a07d..., userDataDir: C:\Users\user\AppData\Local...}, goog:chromeOptions: {debuggerAddress: localhost:60614}, networkConnectionEnabled: false, pageLoadStrategy: normal, platformName: WINDOWS, proxy: Proxy(), se:cdp: ws://localhost:60614/devtoo..., se:cdpVersion: 104.0.5112.82, setWindowRect: true, strictFileInteractability: false, timeouts: {implicit: 0, pageLoad: 300000, script: 30000}, unhandledPromptBehavior: dismiss and notify, webauthn:extension:credBlob: true, webauthn:extension:largeBlob: true, webauthn:virtualAuthenticators: true}
Session ID: 599f9b6b1b57f30e01035223730ea91e
at java.base/jdk.internal.reflect.NativeConstructorAccessorImpl.newInstance0(Native Method)
at java.base/jdk.internal.reflect.NativeConstructorAccessorImpl.newInstance(NativeConstructorAccessorImpl.java:77)
at java.base/jdk.internal.reflect.DelegatingConstructorAccessorImpl.newInstance(DelegatingConstructorAccessorImpl.java:45)
at java.base/java.lang.reflect.Constructor.newInstanceWithCaller(Constructor.java:499)
at java.base/java.lang.reflect.Constructor.newInstance(Constructor.java:480)
at org.openqa.selenium.remote.codec.w3c.W3CHttpResponseCodec.createException(W3CHttpResponseCodec.java:200)
at org.openqa.selenium.remote.codec.w3c.W3CHttpResponseCodec.decode(W3CHttpResponseCodec.java:133)
at org.openqa.selenium.remote.codec.w3c.W3CHttpResponseCodec.decode(W3CHttpResponseCodec.java:53)
at org.openqa.selenium.remote.HttpCommandExecutor.execute(HttpCommandExecutor.java:184)
at org.openqa.selenium.remote.service.DriverCommandExecutor.invokeExecute(DriverCommandExecutor.java:167)
at org.openqa.selenium.remote.service.DriverCommandExecutor.execute(DriverCommandExecutor.java:142)
at org.openqa.selenium.remote.RemoteWebDriver.execute(RemoteWebDriver.java:588)
at org.openqa.selenium.remote.ElementLocation$ElementFinder$2.findElement(ElementLocation.java:162)
at org.openqa.selenium.remote.ElementLocation.findElement(ElementLocation.java:60)
at org.openqa.selenium.remote.RemoteWebDriver.findElement(RemoteWebDriver.java:406)
at org.openqa.selenium.remote.RemoteWebDriver.findElement(RemoteWebDriver.java:398)
at Pages.Ext_LandingPage.MaekAppointmentButton1(Ext_LandingPage.java:85)
at test.IPCL_Ext_MakeAnAppointment.IPCL_Externallogin_MakeAnAppointment(IPCL_Ext_MakeAnAppointment.java:48)
at java.base/jdk.internal.reflect.NativeMethodAccessorImpl.invoke0(Native Method)
at java.base/jdk.internal.reflect.NativeMethodAccessorImpl.invoke(NativeMethodAccessorImpl.java:77)
at java.base/jdk.internal.reflect.DelegatingMethodAccessorImpl.invoke(DelegatingMethodAccessorImpl.java:43)
at java.base/java.lang.reflect.Method.invoke(Method.java:568)
at org.testng.internal.MethodInvocationHelper.invokeMethod(MethodInvocationHelper.java:133)
at org.testng.internal.TestInvoker.invokeMethod(TestInvoker.java:598)
at org.testng.internal.TestInvoker.invokeTestMethod(TestInvoker.java:173)
at org.testng.internal.MethodRunner.runInSequence(MethodRunner.java:46)
at org.testng.internal.TestInvoker$MethodInvocationAgent.invoke(TestInvoker.java:824)
at org.testng.internal.TestInvoker.invokeTestMethods(TestInvoker.java:146)
at org.testng.internal.TestMethodWorker.invokeTestMethods(TestMethodWorker.java:146)
at org.testng.internal.TestMethodWorker.run(TestMethodWorker.java:128)
at java.base/java.util.ArrayList.forEach(ArrayList.java:1511)
at org.testng.TestRunner.privateRun(TestRunner.java:794)
at org.testng.TestRunner.run(TestRunner.java:596)
at org.testng.SuiteRunner.runTest(SuiteRunner.java:377)
at org.testng.SuiteRunner.runSequentially(SuiteRunner.java:371)
at org.testng.SuiteRunner.privateRun(SuiteRunner.java:332)
at org.testng.SuiteRunner.run(SuiteRunner.java:276)
at org.testng.SuiteRunnerWorker.runSuite(SuiteRunnerWorker.java:53)
at org.testng.SuiteRunnerWorker.run(SuiteRunnerWorker.java:96)
at org.testng.TestNG.runSuitesSequentially(TestNG.java:1212)
at org.testng.TestNG.runSuitesLocally(TestNG.java:1134)
at org.testng.TestNG.runSuites(TestNG.java:1063)
at org.testng.TestNG.run(TestNG.java:1031)
at org.testng.remote.AbstractRemoteTestNG.run(AbstractRemoteTestNG.java:115)
at org.testng.remote.RemoteTestNG.initAndRun(RemoteTestNG.java:251)
at org.testng.remote.RemoteTestNG.main(RemoteTestNG.java:77)
]]>
            </full-stacktrace>
          </exception> <!-- org.openqa.selenium.NoSuchElementException -->
          <reporter-output>
          </reporter-output>
        </test-method> <!-- IPCL_Externallogin_MakeAnAppointment -->
        <test-method is-config="true" signature="teardown()[pri:0, instance:test.IPCL_Ext_MakeAnAppointment@5ab956d7]" started-at="2022-08-17T15:00:44 EET" name="teardown" finished-at="2022-08-17T15:00:44 EET" duration-ms="1" status="PASS">
          <reporter-output>
          </reporter-output>
        </test-method> <!-- teardown -->
      </class> <!-- test.IPCL_Ext_MakeAnAppointment -->
    </test> <!-- Step3_Appointment reservation by external user -->
  </suite> <!-- IPCL_AddRequest_Suite -->
</testng-results>
